2024-11-07 08:37:20,871 [INFO] WebAppUi:1056 - Web application message: Reloading CAD
2024-11-07 08:37:24,321 [INFO] WebApp:186 - Connection restablished
2024-11-07 09:44:40,055 [INFO] WebApp:189 - Connection lost
2024-11-07 09:44:40,267 [INFO] WebApp:186 - Connection restablished
2024-11-07 13:19:07,241 [INFO] WebApp:189 - Connection lost
2024-11-07 13:20:53,451 [INFO] WebAppUi:1056 - Web application message: Reloading CAD
2024-11-07 13:20:57,243 [INFO] WebApp:186 - Connection restablished
2024-11-07 13:30:57,099 [INFO] WebAppUi:1056 - Web application message: WebGL: CONTEXT_LOST_WEBGL: loseContext: context lost
2024-11-07 13:30:57,100 [INFO] WebAppUi:1056 - Web application message: THREE.WebGLRenderer: Context Lost.
2024-11-07 13:30:57,100 [INFO] WebAppUi:1056 - Web application message: THREE.WebGLRenderer: Context Restored.
2024-11-07 13:30:57,200 [INFO] WebAppUi:1056 - Web application message: Reloading CAD
2024-11-07 13:31:01,061 [INFO] WebApp:189 - Connection lost
2024-11-07 13:31:01,283 [INFO] WebApp:186 - Connection restablished
2024-11-07 14:01:14,184 [INFO] WebApp:189 - Connection lost
2024-11-07 14:03:10,843 [INFO] WebAppUi:1056 - Web application message: Reloading CAD
2024-11-07 14:03:14,156 [INFO] WebApp:186 - Connection restablished
2024-11-07 14:30:29,682 [INFO] WebApp:189 - Connection lost
2024-11-07 14:31:31,820 [INFO] WebAppUi:1056 - Web application message: Reloading CAD
2024-11-07 14:31:54,761 [INFO] WebAppUi:1056 - Web application message: Reloading CAD
2024-11-07 14:31:55,520 [INFO] WebApp:186 - Connection restablished
2024-11-07 14:31:57,289 [INFO] WebApp:189 - Connection lost
2024-11-07 14:31:57,430 [INFO] WebApp:186 - Connection restablished
2024-11-07 14:51:55,976 [INFO] WebApp:189 - Connection lost
2024-11-07 14:59:05,023 [INFO] WebAppUi:1056 - Web application message: Reloading CAD
2024-11-07 14:59:06,663 [INFO] WebApp:186 - Connection restablished
2024-11-07 14:59:08,683 [INFO] WebApp:189 - Connection lost
2024-11-07 14:59:08,895 [INFO] WebApp:186 - Connection restablished
2024-11-07 15:40:02,223 [INFO] WebApp:189 - Connection lost
2024-11-07 15:40:02,388 [INFO] WebApp:186 - Connection restablished
2024-11-07 15:40:06,412 [INFO] WebApp:189 - Connection lost
2024-11-07 15:40:08,905 [INFO] WebApp:186 - Connection restablished
2024-11-07 15:42:33,980 [INFO] WebApp:189 - Connection lost
2024-11-07 15:42:34,120 [INFO] WebApp:186 - Connection restablished
2024-11-07 18:25:49,705 [INFO] WebApp:189 - Connection lost
